<?xml version="1.0" encoding="UTF-8"?>

<testsuite name="root_suite"
           failures="2"
           errors="0"
           skipped="4"
           tests="17"
           disabled="0"
           time="4.303745"
           package="CUTe full sample"
           classname="CUTe full sample"
           version="1.0"
           timestamp="2023-12-21T11:27:22+00:00"
           hostname="worker"
           file="/home/peon/build/cute/sample/full.c"
           line="165">
    <properties>
        <property name="build-id"
                  value="457a170c4274996ed4c3a02c7564dc82ea299d65" />
        <property name="build-tool">
GCC: (HtChain 12.0~gddf1c48) 12.1.0
        </property>
        <property name="build-flags">
GNU GIMPLE 12.1.0 -march=haswell -mmmx -mpopcnt -msse -msse2 -msse3 -mssse3 -msse4.1 -msse4.2 -mavx -mavx2 -mno-sse4a -mno-fma4 -mno-xop -mfma -mno-avx512f -mbmi -mbmi2 -maes -mpclmul -mno-avx512vl -mno-avx512bw -mno-avx512dq -mno-avx512cd -mno-avx512er -mno-avx512pf -mno-avx512vbmi -mno-avx512ifma -mno-avx5124vnniw -mno-avx5124fmaps -mno-avx512vpopcntdq -mno-avx512vbmi2 -mno-gfni -mno-vpclmulqdq -mno-avx512vnni -mno-avx512bitalg -mno-avx512bf16 -mno-avx512vp2intersect -mno-3dnow -mno-adx -mabm -mno-cldemote -mno-clflushopt -mno-clwb -mno-clzero -mcx16 -mno-enqcmd -mf16c -mfsgsbase -mfxsr -mno-hle -msahf -mno-lwp -mlzcnt -mmovbe -mno-movdir64b -mno-movdiri -mno-mwaitx -mno-pconfig -mno-pku -mno-prefetchwt1 -mno-prfchw -mno-ptwrite -mno-rdpid -mrdrnd -mno-rdseed -mno-rtm -mno-serialize -mno-sgx -mno-sha -mno-tbm -mno-tsxldtrk -mno-vaes -mno-waitpkg -mno-wbnoinvd -mxsave -mno-xsavec -mxsaveopt -mno-xsaves -mno-amx-tile -mno-amx-int8 -mno-amx-bf16 -mno-uintr -mno-hreset -mno-kl -mno-widekl -mno-avxvnni -mno-avx512fp16 -mtune=haswell -mcet-switch -mshstk -O2 -O2 -fno-openmp -fno-openacc -fcf-protection=full -fcf-protection=full -ffast-math -fuse-linker-plugin -fno-semantic-interposition -fstack-protector-strong -fstack-clash-protection -fasynchronous-unwind-tables -fpie -fltrans --param=ssp-buffer-size=4
GNU C17 12.1.0 -march=haswell -mmmx -mpopcnt -msse -msse2 -msse3 -mssse3 -msse4.1 -msse4.2 -mavx -mavx2 -mno-sse4a -mno-fma4 -mno-xop -mfma -mno-avx512f -mbmi -mbmi2 -maes -mpclmul -mno-avx512vl -mno-avx512bw -mno-avx512dq -mno-avx512cd -mno-avx512er -mno-avx512pf -mno-avx512vbmi -mno-avx512ifma -mno-avx5124vnniw -mno-avx5124fmaps -mno-avx512vpopcntdq -mno-avx512vbmi2 -mno-gfni -mno-vpclmulqdq -mno-avx512vnni -mno-avx512bitalg -mno-avx512bf16 -mno-avx512vp2intersect -mno-3dnow -mno-adx -mabm -mno-cldemote -mno-clflushopt -mno-clwb -mno-clzero -mcx16 -mno-enqcmd -mf16c -mfsgsbase -mfxsr -mno-hle -msahf -mno-lwp -mlzcnt -mmovbe -mno-movdir64b -mno-movdiri -mno-mwaitx -mno-pconfig -mno-pku -mno-prefetchwt1 -mno-prfchw -mno-ptwrite -mno-rdpid -mrdrnd -mno-rdseed -mno-rtm -mno-serialize -mno-sgx -mno-sha -mno-tbm -mno-tsxldtrk -mno-vaes -mno-waitpkg -mno-wbnoinvd -mxsave -mno-xsavec -mxsaveopt -mno-xsaves -mno-amx-tile -mno-amx-int8 -mno-amx-bf16 -mno-uintr -mno-hreset -mno-kl -mno-widekl -mno-avxvnni -mno-avx512fp16 --param=l1-cache-size=32 --param=l1-cache-line-size=64 --param=l2-cache-size=8192 -mtune=haswell -mcet-switch -mshstk -g -O2 -fcf-protection=full -ffast-math -flto -fuse-linker-plugin -fno-semantic-interposition -fstack-protector-strong -fstack-clash-protection -fasynchronous-unwind-tables -fpie --param=ssp-buffer-size=4
        </property>
        <property name="build-config">
CONFIG_CUTE_INTERN_ASSERT=y
CONFIG_CUTE_UTEST=y
        </property>
    </properties>
    <testsuite name="pass_suite"
               failures="0"
               errors="0"
               skipped="0"
               tests="5"
               disabled="0"
               time="1.270459"
               package="CUTe full sample"
               classname="root_suite"
               version="1.0"
               id="0"
               timestamp="2023-12-21T11:27:22+00:00"
               hostname="worker"
               file="/home/peon/build/cute/sample/full.c"
               line="123">
        <testcase name="pass_1"
                  classname="root_suite::pass_suite"
                  status="passed"
                  time="0.250126"
                  timestamp="2023-12-21T11:27:22+00:00"
                  file="/home/peon/build/cute/sample/full.c"
                  line="43" />
        <testcase name="pass_2"
                  classname="root_suite::pass_suite"
                  status="passed"
                  time="0.250113"
                  timestamp="2023-12-21T11:27:23+00:00"
                  file="/home/peon/build/cute/sample/full.c"
                  line="49" />
        <testcase name="pass_3"
                  classname="root_suite::pass_suite"
                  status="passed"
                  time="0.250115"
                  timestamp="2023-12-21T11:27:23+00:00"
                  file="/home/peon/build/cute/sample/full.c"
                  line="55" />
        <testcase name="pass_4"
                  classname="root_suite::pass_suite"
                  status="passed"
                  time="0.250113"
                  timestamp="2023-12-21T11:27:23+00:00"
                  file="/home/peon/build/cute/sample/full.c"
                  line="61" />
        <testcase name="pass_5"
                  classname="root_suite::pass_suite"
                  status="passed"
                  time="0.250114"
                  timestamp="2023-12-21T11:27:23+00:00"
                  file="/home/peon/build/cute/sample/full.c"
                  line="67" />
    </testsuite>
    <testsuite name="pass_skip_suite"
               failures="0"
               errors="0"
               skipped="2"
               tests="5"
               disabled="0"
               time="1.266949"
               package="CUTe full sample"
               classname="root_suite"
               version="1.0"
               id="1"
               timestamp="2023-12-21T11:27:24+00:00"
               hostname="worker"
               file="/home/peon/build/cute/sample/full.c"
               line="137">
        <testcase name="pass_1"
                  classname="root_suite::pass_skip_suite"
                  status="passed"
                  time="0.250112"
                  timestamp="2023-12-21T11:27:24+00:00"
                  file="/home/peon/build/cute/sample/full.c"
                  line="43" />
        <testcase name="pass_2"
                  classname="root_suite::pass_skip_suite"
                  status="passed"
                  time="0.250113"
                  timestamp="2023-12-21T11:27:24+00:00"
                  file="/home/peon/build/cute/sample/full.c"
                  line="49" />
        <testcase name="skip_3"
                  classname="root_suite::pass_skip_suite"
                  status="skipped"
                  time="0.250123"
                  timestamp="2023-12-21T11:27:24+00:00"
                  file="/home/peon/build/cute/sample/full.c"
                  line="79">
            <skipped message="exec skipped">
reason: explicit skip requested
source: /home/peon/build/cute/sample/full.c:24
caller: skip()
            </skipped>
        </testcase>
        <testcase name="pass_4"
                  classname="root_suite::pass_skip_suite"
                  status="passed"
                  time="0.250115"
                  timestamp="2023-12-21T11:27:24+00:00"
                  file="/home/peon/build/cute/sample/full.c"
                  line="61" />
        <testcase name="skip_5"
                  classname="root_suite::pass_skip_suite"
                  status="skipped"
                  time="0.250122"
                  timestamp="2023-12-21T11:27:25+00:00"
                  file="/home/peon/build/cute/sample/full.c"
                  line="85">
            <skipped message="exec skipped">
reason: explicit skip requested
source: /home/peon/build/cute/sample/full.c:24
caller: skip()
            </skipped>
        </testcase>
    </testsuite>
    <testsuite name="fail_suite"
               failures="1"
               errors="0"
               skipped="1"
               tests="4"
               disabled="0"
               time="1.010908"
               package="CUTe full sample"
               classname="root_suite"
               version="1.0"
               id="2"
               timestamp="2023-12-21T11:27:25+00:00"
               hostname="worker"
               file="/home/peon/build/cute/sample/full.c"
               line="150">
        <testcase name="pass_1"
                  classname="root_suite::fail_suite"
                  status="passed"
                  time="0.250114"
                  timestamp="2023-12-21T11:27:25+00:00"
                  file="/home/peon/build/cute/sample/full.c"
                  line="43" />
        <testcase name="skip_2"
                  classname="root_suite::fail_suite"
                  status="skipped"
                  time="0.250123"
                  timestamp="2023-12-21T11:27:25+00:00"
                  file="/home/peon/build/cute/sample/full.c"
                  line="73">
            <skipped message="exec skipped">
reason: explicit skip requested
source: /home/peon/build/cute/sample/full.c:24
caller: skip()
            </skipped>
        </testcase>
        <testcase name="fail_3"
                  classname="root_suite::fail_suite"
                  status="failure"
                  time="0.250123"
                  timestamp="2023-12-21T11:27:25+00:00"
                  file="/home/peon/build/cute/sample/full.c"
                  line="91">
            <failure message="exec failed">
reason: assertion check failed
source: /home/peon/build/cute/sample/full.c:32
caller: fail()
assert: 0 == 1
            </failure>
        </testcase>
        <testcase name="pass_4"
                  classname="root_suite::fail_suite"
                  status="passed"
                  time="0.250114"
                  timestamp="2023-12-21T11:27:26+00:00"
                  file="/home/peon/build/cute/sample/full.c"
                  line="61" />
    </testsuite>
    <testcase name="root_pass"
              classname="root_suite"
              status="passed"
              time="0.250120"
              timestamp="2023-12-21T11:27:26+00:00"
              file="/home/peon/build/cute/sample/full.c"
              line="97" />
    <testcase name="root_skip"
              classname="root_suite"
              status="skipped"
              time="0.250122"
              timestamp="2023-12-21T11:27:26+00:00"
              file="/home/peon/build/cute/sample/full.c"
              line="103">
        <skipped message="exec skipped">
reason: explicit skip requested
source: /home/peon/build/cute/sample/full.c:24
caller: skip()
        </skipped>
    </testcase>
    <testcase name="root_fail"
              classname="root_suite"
              status="failure"
              time="0.250125"
              timestamp="2023-12-21T11:27:26+00:00"
              file="/home/peon/build/cute/sample/full.c"
              line="109">
        <failure message="exec failed">
reason: explicit fail requested
source: /home/peon/build/cute/sample/full.c:40
caller: request_fail()
detail: example of an explicit fail request
        </failure>
    </testcase>
</testsuite>
